<?xml version="1.0" encoding="UTF-8"?>
<!-- Generated by org.testng.reporters.JUnitReportReporter -->
<testsuite hostname="senthils-MacBook-Pro-2.local" failures="0" tests="2" name="webtesting.webtesting" time="1.083" errors="0" timestamp="09 Jun 2021 03:19:10 GMT" skipped="1">
  <testcase classname="webtesting.webtesting" name="testcase2" time="1.083"/>
  <testcase classname="webtesting.webtesting" name="testcase1">
    <skipped/>
  </testcase> <!-- testcase1 -->
</testsuite> <!-- webtesting.webtesting -->
